===============================================================
Gobuster v3.5
by OJ Reeves (@TheColonial) & Christian Mehlmauer (@firefart)
===============================================================
[+] Url:                     http://10.10.176.145
[+] Method:                  GET
[+] Threads:                 10
[+] Wordlist:                /usr/share/wordlists/dirbuster/directory-list-2.3-medium.txt
[+] Negative Status codes:   404
[+] User Agent:              gobuster/3.5
[+] Timeout:                 10s
===============================================================
2023/08/12 20:49:17 Starting gobuster in directory enumeration mode
===============================================================
[2K/admin                (Status: 301) [Size: 314] [--> http://10.10.176.145/admin/]
[2K/server-status        (Status: 403) [Size: 278]

[!] Keyboard interrupt detected, terminating.

===============================================================
2023/08/12 22:01:55 Finished
===============================================================
