===============================================================
Gobuster v3.1.0
by OJ Reeves (@TheColonial) & Christian Mehlmauer (@firefart)
===============================================================
[+] Url:                     http://10.10.23.186
[+] Method:                  GET
[+] Threads:                 10
[+] Wordlist:                /usr/share/wordlists/dirbuster/directory-list-2.3-medium.txt
[+] Negative Status codes:   404
[+] User Agent:              gobuster/3.1.0
[+] Timeout:                 10s
===============================================================
2022/01/19 21:47:31 Starting gobuster in directory enumeration mode
===============================================================
/img                  (Status: 301) [Size: 0] [--> img/]
/downloads            (Status: 301) [Size: 0] [--> downloads/]
/aboutus              (Status: 301) [Size: 0] [--> aboutus/]  
/admin                (Status: 301) [Size: 42] [--> /admin/]  
/css                  (Status: 301) [Size: 0] [--> css/]      
/http%3A%2F%2Fwww     (Status: 301) [Size: 0] [--> /http:/www]
/http%3A%2F%2Fyoutube (Status: 301) [Size: 0] [--> /http:/youtube]
/http%3A%2F%2Fblogs   (Status: 301) [Size: 0] [--> /http:/blogs]  
/http%3A%2F%2Fblog    (Status: 301) [Size: 0] [--> /http:/blog]   
/**http%3A%2F%2Fwww   (Status: 301) [Size: 0] [--> /%2A%2Ahttp:/www]
