- Nikto v2.5.0
---------------------------------------------------------------------------
+ Target IP:          10.10.159.60
+ Target Hostname:    10.10.159.60
+ Target Port:        80
+ Start Time:         2023-07-20 19:22:27 (GMT-4)
---------------------------------------------------------------------------
+ Server: Apache/2.4.18 (Ubuntu)
+ /: The anti-clickjacking X-Frame-Options header is not present. See: https://developer.mozilla.org/en-US/docs/Web/HTTP/Headers/X-Frame-Options
+ /: The X-Content-Type-Options header is not set. This could allow the user agent to render the content of the site in a different fashion to the MIME type. See: https://www.netsparker.com/web-vulnerability-scanner/vulnerabilities/missing-content-type-header/
+ No CGI Directories found (use '-C all' to force check all possible dirs)
+ Apache/2.4.18 appears to be outdated (current is at least Apache/2.4.54). Apache 2.2.34 is the EOL for the 2.x branch.
+ /: Server may leak inodes via ETags, header found with file /, inode: 328, size: 5b3e1b06be884, mtime: gzip. See: http://cve.mitre.org/cgi-bin/cvename.cgi?name=CVE-2003-1418
+ OPTIONS: Allowed HTTP Methods: GET, HEAD, POST, OPTIONS .
+ /files/: Directory indexing found.
+ /files/: This might be interesting.
+ /icons/README: Apache default file found. See: https://www.vntweb.co.uk/apache-restricting-access-to-iconsreadme/
- STATUS: Completed 5000 requests (~72% complete, 4.7 minutes left): currently in plugin 'Nikto Tests'
- STATUS: Running average: Not enough data.
- STATUS: Completed 5500 requests (~79% complete, 3.5 minutes left): currently in plugin 'Nikto Tests'
- STATUS: Running average: Not enough data.
- STATUS: Completed 6000 requests (~86% complete, 2.3 minutes left): currently in plugin 'Nikto Tests'
- STATUS: Running average: Not enough data.
- STATUS: Completed 6500 requests (~93% complete, 1.1 minutes left): currently in plugin 'Nikto Tests'
- STATUS: Running average: Not enough data.
- STATUS: Completed 7000 requests: currently in plugin 'Nikto Tests'
- STATUS: Running average: Not enough data.
