===============================================================
Gobuster v3.1.0
by OJ Reeves (@TheColonial) & Christian Mehlmauer (@firefart)
===============================================================
[+] Url:                     http://10.10.243.208
[+] Method:                  GET
[+] Threads:                 10
[+] Wordlist:                /usr/share/wordlists/dirb/common.txt
[+] Negative Status codes:   404
[+] User Agent:              gobuster/3.1.0
[+] Timeout:                 10s
===============================================================
2022/02/05 22:08:01 Starting gobuster in directory enumeration mode
===============================================================
/.htaccess            (Status: 403) [Size: 297]
/.hta                 (Status: 403) [Size: 292]
/.htpasswd            (Status: 403) [Size: 297]
/assets               (Status: 301) [Size: 315] [--> http://10.10.243.208/assets/]
/index.html           (Status: 200) [Size: 1062]                                  
/robots.txt           (Status: 200) [Size: 17]                                    
/server-status        (Status: 403) [Size: 301]                                   
===============================================================
2022/02/05 22:10:19 Finished
===============================================================
