- Nikto v2.1.6
---------------------------------------------------------------------------
+ Target IP:          10.10.88.210
+ Target Hostname:    10.10.88.210
+ Target Port:        80
+ Start Time:         2022-02-11 19:18:08 (GMT-5)
---------------------------------------------------------------------------
+ Server: Apache/2.4.18 (Ubuntu)
+ The anti-clickjacking X-Frame-Options header is not present.
+ The X-XSS-Protection header is not defined. This header can hint to the user agent to protect against some forms of XSS
+ The X-Content-Type-Options header is not set. This could allow the user agent to render the content of the site in a different fashion to the MIME type
+ No CGI Directories found (use '-C all' to force check all possible dirs)
+ Entry '/fuel/' in robots.txt returned a non-forbidden or redirect HTTP code (302)
+ "robots.txt" contains 1 entry which should be manually viewed.
+ Apache/2.4.18 appears to be outdated (current is at least Apache/2.4.37). Apache 2.2.34 is the EOL for the 2.x branch.
+ Web Server returns a valid response with junk HTTP methods, this may cause false positives.
+ OSVDB-3092: /home/: This might be interesting...
+ ERROR: Error limit (20) reached for host, giving up. Last error: opening stream: can't connect (timeout): Operation now in progress
+ Scan terminated:  20 error(s) and 8 item(s) reported on remote host
+ End Time:           2022-02-11 20:09:55 (GMT-5) (3107 seconds)
---------------------------------------------------------------------------
+ 1 host(s) tested
